<?xml version="1.0" encoding="UTF-8"?>
<!-- Generated by org.testng.reporters.JUnitReportReporter -->
<testsuite hostname="DESKTOP-GFOU2P6" name="package2.HomePageTest" tests="3" failures="0" timestamp="8 Dec 2019 13:22:18 GMT" time="30.631" errors="0">
  <testcase name="verifySubscription" time="7.938" classname="package2.HomePageTest"/>
  <testcase name="verifyTabs" time="0.819" classname="package2.HomePageTest"/>
  <testcase name="verifyNavigation" time="21.874" classname="package2.HomePageTest"/>
</testsuite> <!-- package2.HomePageTest -->
