<?xml version="1.0" encoding="UTF-8"?>
<!-- Generated by org.testng.reporters.JUnitReportReporter -->
<testsuite hostname="DESKTOP-GFOU2P6" name="package2.DressPageTest" tests="3" failures="0" timestamp="8 Dec 2019 13:43:17 GMT" time="16.567" errors="0">
  <testcase name="verifyAddToCart" time="6.491" classname="package2.DressPageTest"/>
  <testcase name="verifyProductCount" time="6.390" classname="package2.DressPageTest"/>
  <testcase name="verifyIcons" time="3.686" classname="package2.DressPageTest"/>
</testsuite> <!-- package2.DressPageTest -->
