<?xml version="1.0" encoding="UTF-8"?>
<!-- Generated by org.testng.reporters.JUnitReportReporter -->
<testsuite hostname="DESKTOP-GFOU2P6" name="package2.ProductPageTest" tests="2" failures="0" timestamp="8 Dec 2019 14:33:01 GMT" time="25.017" errors="0">
  <testcase name="verifyProdDesc" time="14.938" classname="package2.ProductPageTest"/>
  <testcase name="verifyButtons" time="10.079" classname="package2.ProductPageTest"/>
</testsuite> <!-- package2.ProductPageTest -->
